2017/04/25 15:59:01 AutoIt: 3.3.14.2, Compiled, OS: WIN_7/SP1/X64, OSLang: 0804, Script: C:\Users\ailab\Desktop\minesweeperAI\bin\playMineMain.exe

2017/04/25 15:59:01 >have log file
2017/04/25 15:59:01 ***********Debug Info*****************
2017/04/25 15:59:01 >check for mineSweeper program exist?
2017/04/25 15:59:01 >mineSweeper had been opened, start play1.
2017/04/25 15:59:01 >end start game.
2017/04/25 15:59:01 >enter main
2017/04/25 15:59:02 >game state:0
2017/04/25 15:59:02 >10
2017/04/25 15:59:02 >clicking (3,7)...
2017/04/25 15:59:03 >clicking (3,8)...
2017/04/25 15:59:03 >exiting...
2017/04/25 16:01:10 AutoIt: 3.3.14.2, Compiled, OS: WIN_7/SP1/X64, OSLang: 0804, Script: C:\Users\ailab\Desktop\minesweeperAI\bin\playMineMain.exe

2017/04/25 16:01:10 >have log file
2017/04/25 16:01:10 ***********Debug Info*****************
2017/04/25 16:01:10 >check for mineSweeper program exist?
2017/04/25 16:01:10 >mineSweeper had been opened, start play1.
2017/04/25 16:01:11 >end start game.
2017/04/25 16:01:11 >enter main
2017/04/25 16:01:11 >game state:0
2017/04/25 16:01:11 >8
2017/04/25 16:01:12 >clicking (3,8)...
2017/04/25 16:01:12 >clicking (2,9)...
2017/04/25 16:01:13 >clicking (3,0)...
2017/04/25 16:01:14 >clicking (0,9)...
2017/04/25 16:01:15 >game state:0
2017/04/25 16:01:15 >10
2017/04/25 16:01:15 >clicking (4,0)...
2017/04/25 16:01:16 >clicking (4,1)...
2017/04/25 16:01:16 >clicking (4,7)...
2017/04/25 16:01:17 >clicking (4,8)...
2017/04/25 16:01:18 >clicking (4,9)...
2017/04/25 16:01:19 >game state:0
2017/04/25 16:01:19 >10
2017/04/25 16:01:19 >clicking (5,0)...
2017/04/25 16:01:20 >clicking (5,1)...
2017/04/25 16:01:20 >clicking (5,6)...
2017/04/25 16:01:21 >clicking (5,7)...
2017/04/25 16:01:22 >clicking (5,8)...
2017/04/25 16:01:23 >game state:0
2017/04/25 16:01:23 >10
2017/04/25 16:01:23 >clicking (5,9)...
2017/04/25 16:01:24 >clicking (6,3)...
2017/04/25 16:01:24 >clicking (0,10)...
2017/04/25 16:01:25 >exiting...
