2017/04/24 19:32:55 AutoIt: 3.3.14.2, OS: WIN_7/SP1/X64, OSLang: 0804, Script: C:\Users\ailab\Desktop\minesweeperAI\playMine.au3

2017/04/24 19:32:55 >have log file
2017/04/24 19:32:55 ***********Debug Info*****************
2017/04/24 19:32:55 >check for mineSweeper program exist?
2017/04/24 19:32:55 >mineSweeper had been opened, start play1.
2017/04/24 19:32:55 >end start game.
2017/04/24 19:32:55 >enter main
2017/04/24 19:32:55 >game state:0
2017/04/24 19:32:56 >10
2017/04/24 19:32:56 >clicking (2,12)...
2017/04/24 19:32:56 >clicking (2,11)...
2017/04/24 19:32:56 >clicking (2,13)...
2017/04/24 19:32:56 >clicking (5,10)...
2017/04/24 19:32:57 >clicking (10,10)...
2017/04/24 19:32:57 >game state:0
2017/04/24 19:32:57 >10
2017/04/24 19:32:58 >clicking (3,10)...
2017/04/24 19:32:58 >clicking (3,11)...
2017/04/24 19:32:58 >clicking (3,12)...
2017/04/24 19:32:58 >clicking (6,10)...
2017/04/24 19:32:58 >clicking (12,10)...
2017/04/24 19:32:59 >game state:0
2017/04/24 19:32:59 >8
2017/04/24 19:33:00 >clicking (9,10)...
2017/04/24 19:33:00 >clicking (4,12)...
2017/04/24 19:33:00 >clicking (7,11)...
2017/04/24 19:33:00 >clicking (1,13)...
2017/04/24 19:33:01 >game state:0
2017/04/24 19:33:01 >2
2017/04/24 19:33:01 >clicking (0,14)...
2017/04/24 19:33:02 >game state:0
2017/04/24 19:33:02 >2
2017/04/24 19:33:03 >clicking (3,14)...
2017/04/24 19:33:03 >exiting...
2017/04/24 19:33:40 AutoIt: 3.3.14.2, OS: WIN_7/SP1/X64, OSLang: 0804, Script: C:\Users\ailab\Desktop\minesweeperAI\playMine.au3

2017/04/24 19:33:40 >have log file
2017/04/24 19:33:40 ***********Debug Info*****************
2017/04/24 19:33:40 >check for mineSweeper program exist?
2017/04/24 19:33:40 >mineSweeper had been opened, start play1.
2017/04/24 19:33:40 >end start game.
2017/04/24 19:33:40 >enter main
2017/04/24 19:33:41 >game state:0
2017/04/24 19:33:41 >2
2017/04/24 19:33:41 >clicking (0,15)...
2017/04/24 19:33:42 >game state:1
2017/04/24 19:33:42 >exit main.
2017/04/24 19:33:50 >restart gaming...
2017/04/24 19:33:50 >check for mineSweeper program exist?
2017/04/24 19:33:50 >mineSweeper had been opened, start play1.
2017/04/24 19:33:50 >end start game.
2017/04/24 19:33:50 >try click play again button
2017/04/24 19:33:51 >click paly again button successfully!
2017/04/24 19:33:51 >wait to play
2017/04/24 19:33:51 >enter main
2017/04/24 19:33:51 >game state:0
2017/04/24 19:33:52 >2
2017/04/24 19:33:52 >clicking (0,0)...
2017/04/24 19:33:53 >game state:0
2017/04/24 19:33:53 >6
2017/04/24 19:33:54 >clicking (3,6)...
2017/04/24 19:33:54 >clicking (2,7)...
2017/04/24 19:33:55 >clicking (3,5)...
2017/04/24 19:33:56 >game state:0
2017/04/24 19:33:56 >8
2017/04/24 19:33:56 >clicking (3,7)...
2017/04/24 19:33:57 >clicking (4,5)...
2017/04/24 19:33:57 >clicking (4,6)...
2017/04/24 19:33:57 >clicking (4,7)...
2017/04/24 19:33:58 >game state:0
2017/04/24 19:33:58 >4
2017/04/24 19:33:59 >clicking (5,4)...
2017/04/24 19:33:59 >clicking (6,4)...
2017/04/24 19:34:00 >game state:0
2017/04/24 19:34:00 >2
2017/04/24 19:34:01 >clicking (0,7)...
2017/04/24 19:34:02 >game state:1
2017/04/24 19:34:02 >exit main.
2017/04/24 19:34:15 >enter main
2017/04/24 19:34:15 >game state:1
2017/04/24 19:34:15 >exit main.
2017/04/24 19:34:17 >exiting...
2017/04/24 19:36:55 AutoIt: 3.3.14.2, OS: WIN_7/SP1/X64, OSLang: 0804, Script: C:\Users\ailab\Desktop\minesweeperAI\playMine.au3

2017/04/24 19:36:55 >have log file
2017/04/24 19:36:55 ***********Debug Info*****************
2017/04/24 19:36:55 >check for mineSweeper program exist?
2017/04/24 19:36:55 >mineSweeper had been opened, start play1.
2017/04/24 19:36:55 >end start game.
2017/04/24 19:36:55 >enter main
2017/04/24 19:36:55 >game state:1
2017/04/24 19:36:55 >exit main.
2017/04/24 19:36:57 >restart gaming...
2017/04/24 19:36:57 >check for mineSweeper program exist?
2017/04/24 19:36:57 >mineSweeper had been opened, start play1.
2017/04/24 19:36:58 >end start game.
2017/04/24 19:36:58 >try click play again button
2017/04/24 19:36:59 >click paly again button successfully!
2017/04/24 19:36:59 >wait to play
2017/04/24 19:36:59 >enter main
2017/04/24 19:36:59 >game state:0
2017/04/24 19:36:59 >2
2017/04/24 19:37:00 >clicking (0,0)...
2017/04/24 19:37:01 >game state:0
2017/04/24 19:37:01 >2
2017/04/24 19:37:02 >clicking (2,2)...
2017/04/24 19:37:03 >game state:0
2017/04/24 19:37:03 >2
2017/04/24 19:37:03 >clicking (0,3)...
2017/04/24 19:37:05 >game state:1
2017/04/24 19:37:05 >exit main.
2017/04/24 19:37:09 >restart gaming...
2017/04/24 19:37:09 >check for mineSweeper program exist?
2017/04/24 19:37:09 >mineSweeper had been opened, start play1.
2017/04/24 19:37:10 >end start game.
2017/04/24 19:37:10 >try click play again button
2017/04/24 19:37:15 >enter main
2017/04/24 19:37:15 >game state:0
2017/04/24 19:37:16 >2
2017/04/24 19:37:16 >clicking (0,0)...
2017/04/24 19:37:17 >game state:0
2017/04/24 19:37:17 >8
2017/04/24 19:37:18 >clicking (0,3)...
2017/04/24 19:37:19 >clicking (5,2)...
2017/04/24 19:37:19 >clicking (5,4)...
2017/04/24 19:37:19 >clicking (0,4)...
2017/04/24 19:37:20 >game state:0
2017/04/24 19:37:20 >10
2017/04/24 19:37:21 >clicking (6,1)...
2017/04/24 19:37:22 >clicking (6,2)...
2017/04/24 19:37:22 >clicking (6,3)...
2017/04/24 19:37:22 >clicking (4,5)...
2017/04/24 19:37:22 >clicking (5,5)...
2017/04/24 19:37:23 >game state:0
2017/04/24 19:37:23 >10
2017/04/24 19:37:24 >exiting...
2017/04/24 19:37:45 AutoIt: 3.3.14.2, OS: WIN_7/SP1/X64, OSLang: 0804, Script: C:\Users\ailab\Desktop\minesweeperAI\playMine.au3

2017/04/24 19:37:45 >have log file
2017/04/24 19:37:45 ***********Debug Info*****************
2017/04/24 19:37:45 >check for mineSweeper program exist?
2017/04/24 19:37:45 >mineSweeper had been opened, start play1.
2017/04/24 19:37:46 >end start game.
2017/04/24 19:37:46 >enter main
2017/04/24 19:37:46 >game state:0
2017/04/24 19:37:46 >10
2017/04/24 19:37:47 >clicking (6,0)...
2017/04/24 19:37:47 >clicking (7,0)...
2017/04/24 19:37:48 >clicking (7,1)...
2017/04/24 19:37:48 >clicking (7,2)...
2017/04/24 19:37:49 >clicking (1,5)...
2017/04/24 19:37:50 >game state:0
2017/04/24 19:37:50 >10
2017/04/24 19:37:51 >clicking (8,1)...
2017/04/24 19:37:51 >clicking (8,2)...
2017/04/24 19:37:52 >clicking (8,3)...
2017/04/24 19:37:52 >clicking (6,4)...
2017/04/24 19:37:53 >clicking (6,5)...
2017/04/24 19:37:54 >game state:0
2017/04/24 19:37:54 >6
2017/04/24 19:37:54 >clicking (0,5)...
2017/04/24 19:37:55 >clicking (2,5)...
2017/04/24 19:37:56 >clicking (7,4)...
2017/04/24 19:37:57 >game state:0
2017/04/24 19:37:57 >10
2017/04/24 19:37:58 >clicking (0,6)...
2017/04/24 19:37:58 >clicking (1,6)...
2017/04/24 19:37:59 >clicking (6,6)...
2017/04/24 19:37:59 >clicking (7,6)...
2017/04/24 19:38:00 >clicking (3,6)...
2017/04/24 19:38:00 >exiting...
2017/04/24 19:41:44 AutoIt: 3.3.14.2, OS: WIN_7/SP1/X64, OSLang: 0804, Script: C:\Users\ailab\Desktop\minesweeperAI\playMine.au3

2017/04/24 19:41:44 >have log file
2017/04/24 19:41:44 ***********Debug Info*****************
2017/04/24 19:41:44 >check for mineSweeper program exist?
2017/04/24 19:41:44 >mineSweeper had been opened, start play1.
2017/04/24 19:41:44 >end start game.
2017/04/24 19:41:44 >enter main
2017/04/24 19:41:45 >game state:0
2017/04/24 19:41:45 >10
2017/04/24 19:41:46 >clicking (2,3)...
2017/04/24 19:41:47 >clicking (3,3)...
2017/04/24 19:41:47 >clicking (2,8)...
2017/04/24 19:41:48 >clicking (3,8)...
2017/04/24 19:41:48 >clicking (4,8)...
2017/04/24 19:41:48 >game state:0
2017/04/24 19:41:49 >10
2017/04/24 19:41:50 >clicking (1,7)...
2017/04/24 19:41:51 >clicking (8,9)...
2017/04/24 19:41:51 >clicking (9,9)...
2017/04/24 19:41:52 >clicking (10,7)...
2017/04/24 19:41:52 >clicking (11,3)...
2017/04/24 19:41:53 >game state:0
2017/04/24 19:41:53 >10
2017/04/24 19:41:54 >clicking (10,4)...
2017/04/24 19:41:54 >exiting...
2017/04/24 21:28:58 AutoIt: 3.3.14.2, OS: WIN_7/SP1/X64, OSLang: 0804, Script: C:\Users\ailab\Desktop\minesweeperAI\playMine.au3

2017/04/24 21:28:58 >have log file
2017/04/24 21:28:58 ***********Debug Info*****************
2017/04/24 21:28:58 >check for mineSweeper program exist?
2017/04/24 21:28:58 >Wait to 扫雷程序　to appears...
2017/04/24 21:28:59 >open 扫雷 finished
2017/04/24 21:28:59 >mineSweeper had been opened, start play1.
2017/04/24 21:29:00 >end start game.
2017/04/24 21:29:00 >enter main
2017/04/24 21:29:00 >game state:0
2017/04/24 21:29:00 >2
2017/04/24 21:29:01 >clicking (0,0)...
2017/04/24 21:29:02 >game state:0
2017/04/24 21:29:03 >2
2017/04/24 21:29:03 >clicking (2,2)...
2017/04/24 21:29:04 >game state:0
2017/04/24 21:29:05 >10
2017/04/24 21:29:05 >clicking (4,0)...
2017/04/24 21:29:06 >clicking (4,1)...
2017/04/24 21:29:07 >clicking (4,2)...
2017/04/24 21:29:07 >clicking (0,4)...
2017/04/24 21:29:08 >clicking (1,4)...
2017/04/24 21:29:08 >game state:0
2017/04/24 21:29:09 >6
2017/04/24 21:29:09 >clicking (5,0)...
2017/04/24 21:29:10 >clicking (5,1)...
2017/04/24 21:29:10 >clicking (2,5)...
2017/04/24 21:29:11 >game state:0
2017/04/24 21:29:12 >2
2017/04/24 21:29:12 >clicking (6,2)...
2017/04/24 21:29:13 >game state:0
2017/04/24 21:29:14 >2
2017/04/24 21:29:14 >clicking (0,5)...
2017/04/24 21:29:15 >game state:0
2017/04/24 21:29:16 >10
2017/04/24 21:29:17 >clicking (0,6)...
2017/04/24 21:29:17 >clicking (1,6)...
2017/04/24 21:29:18 >clicking (2,6)...
2017/04/24 21:29:18 >exiting...
2017/04/24 21:30:35 AutoIt: 3.3.14.2, OS: WIN_7/SP1/X64, OSLang: 0804, Script: C:\Users\ailab\Desktop\minesweeperAI\playMine.au3

2017/04/24 21:30:35 >have log file
2017/04/24 21:30:35 ***********Debug Info*****************
2017/04/24 21:30:35 >check for mineSweeper program exist?
2017/04/24 21:30:35 >mineSweeper had been opened, start play1.
2017/04/24 21:30:35 >end start game.
2017/04/24 21:30:35 >enter main
2017/04/24 21:30:36 >game state:0
2017/04/24 21:30:36 >10
2017/04/24 21:30:37 >clicking (3,5)...
2017/04/24 21:30:38 >clicking (3,6)...
2017/04/24 21:30:38 >clicking (0,7)...
2017/04/24 21:30:39 >clicking (1,7)...
2017/04/24 21:30:39 >clicking (3,7)...
2017/04/24 21:30:40 >game state:0
2017/04/24 21:30:40 >8
2017/04/24 21:30:41 >clicking (4,5)...
2017/04/24 21:30:42 >clicking (4,6)...
2017/04/24 21:30:42 >clicking (4,7)...
2017/04/24 21:30:42 >clicking (2,8)...
2017/04/24 21:30:43 >game state:0
2017/04/24 21:30:44 >2
2017/04/24 21:30:44 >clicking (5,4)...
2017/04/24 21:30:46 >game state:0
2017/04/24 21:30:46 >2
2017/04/24 21:30:47 >clicking (0,8)...
2017/04/24 21:30:47 >game state:1
2017/04/24 21:30:47 >exit main.
2017/04/24 21:30:49 >exiting...
2017/04/25 15:49:17 AutoIt: 3.3.14.2, Compiled, OS: WIN_7/SP1/X64, OSLang: 0804, Script: C:\Users\ailab\Desktop\minesweeperAI\playMineMain.exe

2017/04/25 15:49:17 >have log file
2017/04/25 15:49:17 ***********Debug Info*****************
2017/04/25 15:49:17 >check for mineSweeper program exist?
2017/04/25 15:49:17 >Wait to 扫雷程序　to appears...
2017/04/25 15:49:18 >open 扫雷 finished
2017/04/25 15:49:18 >mineSweeper had been opened, start play1.
2017/04/25 15:49:19 >end start game.
2017/04/25 15:49:19 >enter main
2017/04/25 15:49:19 >game state:0
2017/04/25 15:49:19 >2
2017/04/25 15:49:20 >clicking (0,0)...
2017/04/25 15:49:22 >game state:0
2017/04/25 15:49:22 >8
2017/04/25 15:49:23 >clicking (5,0)...
2017/04/25 15:49:24 >clicking (6,0)...
2017/04/25 15:49:25 >clicking (6,1)...
2017/04/25 15:49:26 >clicking (6,2)...
2017/04/25 15:49:30 >game state:0
2017/04/25 15:49:30 >2
2017/04/25 15:49:31 >clicking (2,15)...
2017/04/25 15:49:32 >game state:0
2017/04/25 15:49:32 >4
2017/04/25 15:49:33 >clicking (6,2)...
2017/04/25 15:49:34 >clicking (7,2)...
2017/04/25 15:49:36 >game state:0
2017/04/25 15:49:36 >2
2017/04/25 15:50:33 >exiting...
2017/04/25 15:50:56 AutoIt: 3.3.14.2, Compiled, OS: WIN_7/SP1/X64, OSLang: 0804, Script: C:\Users\ailab\Desktop\minesweeperAI\playMineMain.exe

2017/04/25 15:50:56 >have log file
2017/04/25 15:50:56 ***********Debug Info*****************
2017/04/25 15:50:56 >check for mineSweeper program exist?
2017/04/25 15:50:57 >mineSweeper had been opened, start play1.
2017/04/25 15:50:57 >end start game.
2017/04/25 15:50:57 >enter main
2017/04/25 15:50:58 >game state:0
2017/04/25 15:50:58 >2
2017/04/25 15:50:59 >clicking (0,4)...
2017/04/25 15:51:03 >game state:0
2017/04/25 15:51:03 >6
2017/04/25 15:51:04 >clicking (3,4)...
2017/04/25 15:51:05 >clicking (5,4)...
2017/04/25 15:51:06 >clicking (6,4)...
2017/04/25 15:51:07 >game state:0
2017/04/25 15:51:07 >6
2017/04/25 15:51:08 >clicking (2,5)...
2017/04/25 15:51:09 >exiting...
2017/04/25 15:55:43 AutoIt: 3.3.14.2, Compiled, OS: WIN_7/SP1/X64, OSLang: 0804, Script: C:\Users\ailab\Desktop\minesweeperAI\playMineMain.exe

2017/04/25 15:55:43 >have log file
2017/04/25 15:55:43 ***********Debug Info*****************
2017/04/25 15:55:43 >check for mineSweeper program exist?
2017/04/25 15:55:43 >mineSweeper had been opened, start play1.
2017/04/25 15:55:44 >end start game.
2017/04/25 15:55:44 >enter main
2017/04/25 15:55:44 >game state:0
2017/04/25 15:55:45 >4
2017/04/25 15:55:45 >clicking (3,5)...
2017/04/25 15:55:47 >clicking (4,5)...
2017/04/25 15:55:48 >game state:0
2017/04/25 15:55:48 >10
2017/04/25 15:55:49 >clicking (3,6)...
2017/04/25 15:55:50 >clicking (4,6)...
2017/04/25 15:55:51 >clicking (5,5)...
2017/04/25 15:55:52 >exiting...
2017/04/25 15:56:09 AutoIt: 3.3.14.2, Compiled, OS: WIN_7/SP1/X64, OSLang: 0804, Script: C:\Users\ailab\Desktop\minesweeperAI\playMineMain.exe

2017/04/25 15:56:09 >have log file
2017/04/25 15:56:09 ***********Debug Info*****************
2017/04/25 15:56:09 >check for mineSweeper program exist?
2017/04/25 15:56:09 >mineSweeper had been opened, start play1.
2017/04/25 15:56:09 >end start game.
2017/04/25 15:56:09 >enter main
2017/04/25 15:56:10 >game state:0
2017/04/25 15:56:10 >2
2017/04/25 15:56:10 >clicking (0,0)...
2017/04/25 15:56:11 >game state:0
2017/04/25 15:56:11 >10
2017/04/25 15:56:12 >clicking (4,5)...
2017/04/25 15:56:13 >clicking (4,6)...
2017/04/25 15:56:13 >clicking (4,7)...
2017/04/25 15:56:14 >clicking (2,2)...
2017/04/25 15:56:14 >clicking (3,3)...
2017/04/25 15:56:15 >game state:0
2017/04/25 15:56:15 >10
2017/04/25 15:56:16 >clicking (3,1)...
2017/04/25 15:56:17 >clicking (3,2)...
2017/04/25 15:56:17 >clicking (5,5)...
2017/04/25 15:56:18 >clicking (5,6)...
2017/04/25 15:56:18 >clicking (5,7)...
2017/04/25 15:56:19 >game state:0
2017/04/25 15:56:19 >10
2017/04/25 15:56:20 >clicking (4,1)...
2017/04/25 15:56:21 >clicking (4,2)...
2017/04/25 15:56:21 >clicking (4,3)...
2017/04/25 15:56:22 >clicking (6,4)...
2017/04/25 15:56:22 >clicking (6,5)...
2017/04/25 15:56:23 >game state:0
2017/04/25 15:56:23 >10
2017/04/25 15:56:24 >clicking (7,4)...
2017/04/25 15:56:25 >clicking (6,6)...
2017/04/25 15:56:25 >clicking (7,5)...
2017/04/25 15:56:26 >clicking (7,6)...
2017/04/25 15:56:26 >clicking (2,0)...
2017/04/25 15:56:27 >game state:0
2017/04/25 15:56:28 >10
2017/04/25 15:56:28 >clicking (8,5)...
2017/04/25 15:56:29 >clicking (8,6)...
2017/04/25 15:56:29 >clicking (9,2)...
2017/04/25 15:56:30 >clicking (9,3)...
2017/04/25 15:56:31 >clicking (9,4)...
2017/04/25 15:56:31 >game state:0
2017/04/25 15:56:32 >10
2017/04/25 15:56:32 >clicking (10,1)...
2017/04/25 15:56:33 >clicking (10,2)...
2017/04/25 15:56:33 >clicking (10,3)...
2017/04/25 15:56:34 >clicking (9,5)...
2017/04/25 15:56:35 >clicking (10,4)...
2017/04/25 15:56:36 >game state:0
2017/04/25 15:56:36 >10
2017/04/25 15:56:36 >clicking (9,7)...
2017/04/25 15:56:37 >clicking (13,3)...
2017/04/25 15:56:37 >clicking (13,4)...
2017/04/25 15:56:38 >clicking (13,5)...
2017/04/25 15:56:39 >clicking (2,9)...
2017/04/25 15:56:40 >game state:0
2017/04/25 15:56:40 >10
2017/04/25 15:56:40 >clicking (8,7)...
2017/04/25 15:56:41 >clicking (8,8)...
2017/04/25 15:56:41 >clicking (9,8)...
2017/04/25 15:56:42 >clicking (12,2)...
2017/04/25 15:56:43 >clicking (13,2)...
2017/04/25 15:56:44 >game state:0
2017/04/25 15:56:44 >10
2017/04/25 15:56:44 >clicking (14,2)...
2017/04/25 15:56:45 >clicking (14,3)...
2017/04/25 15:56:45 >clicking (14,4)...
2017/04/25 15:56:46 >clicking (3,4)...
2017/04/25 15:56:47 >clicking (11,1)...
2017/04/25 15:56:48 >game state:0
2017/04/25 15:56:48 >10
2017/04/25 15:56:48 >clicking (14,1)...
2017/04/25 15:56:49 >clicking (6,8)...
2017/04/25 15:56:50 >clicking (9,0)...
2017/04/25 15:56:50 >clicking (7,7)...
2017/04/25 15:56:51 >clicking (12,0)...
2017/04/25 15:56:52 >game state:0
2017/04/25 15:56:52 >10
2017/04/25 15:56:52 >clicking (10,0)...
2017/04/25 15:56:53 >clicking (13,0)...
2017/04/25 15:56:54 >clicking (14,0)...
2017/04/25 15:56:54 >clicking (15,0)...
2017/04/25 15:56:55 >clicking (14,6)...
2017/04/25 15:56:56 >game state:0
2017/04/25 15:56:56 >2
2017/04/25 15:56:56 >clicking (13,8)...
2017/04/25 15:56:57 >game state:0
2017/04/25 15:56:58 >2
2017/04/25 15:56:58 >clicking (0,9)...
2017/04/25 15:56:59 >game state:1
2017/04/25 15:56:59 >exit main.
2017/04/25 15:57:07 >restart gaming...
2017/04/25 15:57:07 >check for mineSweeper program exist?
2017/04/25 15:57:08 >mineSweeper had been opened, start play1.
2017/04/25 15:57:08 >end start game.
2017/04/25 15:57:08 >try click play again button
2017/04/25 15:57:15 >enter main
2017/04/25 15:57:15 >game state:0
2017/04/25 15:57:15 >2
2017/04/25 15:57:16 >clicking (0,0)...
2017/04/25 15:57:17 >game state:0
2017/04/25 15:57:17 >2
2017/04/25 15:57:17 >clicking (2,2)...
2017/04/25 15:57:18 >game state:0
2017/04/25 15:57:19 >2
2017/04/25 15:57:19 >clicking (0,2)...
2017/04/25 15:57:20 >game state:1
2017/04/25 15:57:20 >exit main.
2017/04/25 15:57:30 >exiting...
2017/04/25 15:58:05 AutoIt: 3.3.14.2, Compiled, OS: WIN_7/SP1/X64, OSLang: 0804, Script: C:\Users\ailab\Desktop\minesweeperAI\playMineMain.exe

2017/04/25 15:58:05 >have log file
2017/04/25 15:58:05 ***********Debug Info*****************
2017/04/25 15:58:05 >check for mineSweeper program exist?
2017/04/25 15:58:05 >mineSweeper had been opened, start play1.
2017/04/25 15:58:06 >end start game.
2017/04/25 15:58:06 >enter main
2017/04/25 15:58:06 >game state:1
2017/04/25 15:58:06 >exit main.
2017/04/25 15:58:18 >restart gaming...
2017/04/25 15:58:18 >check for mineSweeper program exist?
2017/04/25 15:58:18 >mineSweeper had been opened, start play1.
2017/04/25 15:58:19 >end start game.
2017/04/25 15:58:19 >try click play again button
2017/04/25 15:58:21 >exiting...
