c:\users\ailab\desktop\detectmines\phashdll\trivalmineai\release\trivalmineai.pch
c:\users\ailab\desktop\detectmines\phashdll\trivalmineai\release\vc140.pdb
c:\users\ailab\desktop\detectmines\phashdll\trivalmineai\release\stdafx.obj
c:\users\ailab\desktop\detectmines\phashdll\trivalmineai\release\trivalmineai.obj
c:\users\ailab\desktop\detectmines\phashdll\release\trivalmineai.exe
c:\users\ailab\desktop\detectmines\phashdll\release\trivalmineai.ipdb
c:\users\ailab\desktop\detectmines\phashdll\release\trivalmineai.iobj
c:\users\ailab\desktop\detectmines\phashdll\release\trivalmineai.pdb
c:\users\ailab\desktop\minesweeperai\phashdll\trivalmineai\release\stdafx.obj
c:\users\ailab\desktop\minesweeperai\phashdll\trivalmineai\release\trivalmineai.obj
c:\users\ailab\desktop\minesweeperai\phashdll\trivalmineai\release\trivalmineai.pch
c:\users\ailab\desktop\minesweeperai\phashdll\trivalmineai\release\vc140.pdb
c:\users\ailab\desktop\minesweeperai\phashdll\release\trivalmineai.pdb
c:\users\ailab\desktop\minesweeperai\phashdll\release\trivalmineai.exe
c:\users\ailab\desktop\minesweeperai\phashdll\trivalmineai\release\trivalmineai.tlog\cl.command.1.tlog
c:\users\ailab\desktop\minesweeperai\phashdll\trivalmineai\release\trivalmineai.tlog\cl.read.1.tlog
c:\users\ailab\desktop\minesweeperai\phashdll\trivalmineai\release\trivalmineai.tlog\cl.write.1.tlog
c:\users\ailab\desktop\minesweeperai\phashdll\trivalmineai\release\trivalmineai.tlog\link.command.1.tlog
c:\users\ailab\desktop\minesweeperai\phashdll\trivalmineai\release\trivalmineai.tlog\link.read.1.tlog
c:\users\ailab\desktop\minesweeperai\phashdll\trivalmineai\release\trivalmineai.tlog\link.write.1.tlog
